<?xml version='1.0' encoding='UTF-8'?>
<hotspot_log version='160 1' process='8828' time_ms='1426776372303'>
<vm_version>
<name>
Java HotSpot(TM) 64-Bit Server VM
</name>
<release>
17.0-b05-fastdebug
</release>
<info>
Java HotSpot(TM) 64-Bit Server VM (17.0-b05-fastdebug) for windows-amd64 JRE (1.7.0-ea-fastdebug-b76), built on Nov 12 2009 01:51:45 by &quot;java_re&quot; with MS VC++ 8.0 (VS2005)
</info>
</vm_version>
<vm_arguments>
<args>
-Dmaven.home=EMBEDDED -Dclassworlds.conf=C:\Users\bram.zerbe\Desktop\Programming\.metadata\.plugins\org.eclipse.m2e.launching\launches\m2conf4866174332766189786.tmp -Dfile.encoding=Cp1252 
</args>
<command>
org.codehaus.plexus.classworlds.launcher.Launcher -B package
</command>
<launcher>
SUN_STANDARD
</launcher>
<properties>
java.vm.specification.version=1.0
java.vm.specification.name=Java Virtual Machine Specification
java.vm.specification.vendor=Sun Microsystems Inc.
java.vm.version=17.0-b05-fastdebug
java.vm.name=Java HotSpot(TM) 64-Bit Server VM
java.vm.vendor=Sun Microsystems Inc.
java.vm.info=mixed mode, sharing
java.ext.dirs=C:\Users\bram.zerbe\Desktop\Programming\Java - Needed Stuff\JDK 1.7 x64\jdk1.7.0\fastdebug\jre\lib\ext;C:\WINDOWS\Sun\Java\lib\ext
java.endorsed.dirs=C:\Users\bram.zerbe\Desktop\Programming\Java - Needed Stuff\JDK 1.7 x64\jdk1.7.0\fastdebug\jre\lib\endorsed
sun.boot.library.path=C:\Users\bram.zerbe\Desktop\Programming\Java - Needed Stuff\JDK 1.7 x64\jdk1.7.0\fastdebug\jre\bin
java.library.path=C:\Users\bram.zerbe\Desktop\Programming\Java - Needed Stuff\JDK 1.7 x64\jdk1.7.0\fastdebug\bin;.;C:\WINDOWS\Sun\Java\bin;C:\WINDOWS\system32;C:\WINDOWS;C:/Program Files (x86)/Java/jre7/bin/client;C:/Program Files (x86)/Java/jre7/bin;C:/Program Files (x86)/Java/jre7/lib/i386;C:\Program Files\Common Files\Microsoft Shared\Windows Live;C:\Program Files (x86)\Common Files\Microsoft Shared\Windows Live;C:\WINDOWS\system32;C:\WINDOWS;C:\WINDOWS\System32\Wbem;C:\WINDOWS\System32\WindowsPowerShell\v1.0\;C:\Program Files (x86)\Windows Live\Shared;C:\Program Files\Lenovo Fingerprint Reader\;C:\Program Files\Lenovo Fingerprint Reader\x86\;C:\Program Files\Lenovo Fingerprint Reader\;C:\Program Files\Lenovo Fingerprint Reader\x86\;C:\Program Files\Lenovo Fingerprint Reader\;C:\Program Files\Lenovo Fingerprint Reader\x86\;.\Common\Libraries;E:\KidsRuby\Git\cmd;C:\Users\bram.zerbe\KidsRuby\Git\cmd;C:\Users\bram.zerbe\AppData\Local\Google\Chrome\Application;C:\Program Files\Common Files\Microsoft Shared\Windows Live;C:\Program Files (x86)\Common Files\Microsoft Shared\Windows Live;C:\WINDOWS\system32;C:\WINDOWS;C:\WINDOWS\System32\Wbem;C:\WINDOWS\System32\WindowsPowerShell\v1.0\;C:\Program Files (x86)\Windows Live\Shared;C:\Program Files\Lenovo Fingerprint Reader\;C:\Program Files\Lenovo Fingerprint Reader\x86\;C:\Program Files\Lenovo Fingerprint Reader\;C:\Program Files\Lenovo Fingerprint Reader\x86\;C:\Program Files\Lenovo Fingerprint Reader\;C:\Program Files\Lenovo Fingerprint Reader\x86\;.\Common\Libraries;C:\Users\bram.zerbe\AppData\Local\Programs\Git\cmd;C:\Users\bram.zerbe\AppData\Local\Spoon\Cmd;C:\Users\bram.zerbe\Desktop\eclipse;
java.home=C:\Users\bram.zerbe\Desktop\Programming\Java - Needed Stuff\JDK 1.7 x64\jdk1.7.0\fastdebug\jre
java.class.path=/C:/Users/bram.zerbe/Desktop/eclipse/plugins/org.eclipse.m2e.maven.runtime_1.5.0.20140605-2032/jars/plexus-classworlds-2.5.1.jar
sun.boot.class.path=C:\Users\bram.zerbe\Desktop\Programming\Java - Needed Stuff\JDK 1.7 x64\jdk1.7.0\fastdebug\jre\lib\resources.jar;C:\Users\bram.zerbe\Desktop\Programming\Java - Needed Stuff\JDK 1.7 x64\jdk1.7.0\fastdebug\jre\lib\rt.jar;C:\Users\bram.zerbe\Desktop\Programming\Java - Needed Stuff\JDK 1.7 x64\jdk1.7.0\fastdebug\jre\lib\sunrsasign.jar;C:\Users\bram.zerbe\Desktop\Programming\Java - Needed Stuff\JDK 1.7 x64\jdk1.7.0\fastdebug\jre\lib\jsse.jar;C:\Users\bram.zerbe\Desktop\Programming\Java - Needed Stuff\JDK 1.7 x64\jdk1.7.0\fastdebug\jre\lib\jce.jar;C:\Users\bram.zerbe\Desktop\Programming\Java - Needed Stuff\JDK 1.7 x64\jdk1.7.0\fastdebug\jre\lib\charsets.jar;C:\Users\bram.zerbe\Desktop\Programming\Java - Needed Stuff\JDK 1.7 x64\jdk1.7.0\fastdebug\jre\classes
maven.home=EMBEDDED
classworlds.conf=C:\Users\bram.zerbe\Desktop\Programming\.metadata\.plugins\org.eclipse.m2e.launching\launches\m2conf4866174332766189786.tmp
file.encoding=Cp1252
sun.java.launcher=SUN_STANDARD
</properties>
</vm_arguments>
<tty>
<writer thread='2480'/>
<dependency_failed type='leaf_type' ctxk='java/lang/IllegalArgumentException' witness='java/lang/NumberFormatException' stamp='1.975'/>
<statistics type='opto'>
--- Compiler Statistics ---
Methods seen: 4158  Methods parsed: 4158  Nodes created: 978194
Blocks parsed: 14734  Blocks seen: 15563
16637 original NULL checks - 13461 elided (80%); optimizer leaves 3076,
1822 made implicit (59%)
CCP: 497  constants found: 7
Total frameslots = 5284, Max frameslots = 56
Inserted 0 spill loads, 0 spill stores, 0 mem-mem moves and 0 copies.
Total load cost=      0, store cost =      0, mem-mem cost =  0.00, copy cost =     0.
Adjusted spill cost =       0.
Conservatively coalesced 3268 copies, 0 pairs, 17696 post alloc.
Used cisc instruction  1026,  remained in register 7596
Average allocation trips 1.733855
High Pressure Blocks = 0, Low Pressure Blocks = 0
Nops added 0 bytes to total of 721251 bytes, for 0.00%
Peephole: peephole rules applied: 0
PhaseIdealLoop=2018, sum _unique=2893346
</statistics>
<statistics type='intrinsic'>
Compiler intrinsic usage:
    32 ( 7.8%) _hashCode (worked,virtual,nonvirtual)
    44 (10.7%) _getClass (worked)
    15 ( 3.7%) _clone (worked)
    34 ( 8.3%) _min (worked)
     2 ( 0.5%) _max (worked)
     9 ( 2.2%) _identityHashCode (worked)
    98 (23.9%) _arraycopy (worked)
    13 ( 3.2%) _currentThread (worked)
    15 ( 3.7%) _isAssignableFrom (worked)
    12 ( 2.9%) _isArray (worked)
     4 ( 1.0%) _isPrimitive (worked)
     4 ( 1.0%) _getSuperclass (worked)
     5 ( 1.2%) _getComponentType (worked)
     2 ( 0.5%) _getLength (worked)
     7 ( 1.7%) _getCallerClass (worked,failed)
     5 ( 1.2%) _newArray (worked)
    26 ( 6.3%) _copyOf (worked)
     6 ( 1.5%) _indexOf (worked)
    72 (17.6%) _equals (worked)
     2 ( 0.5%) _getObject (worked)
     2 ( 0.5%) _getObjectVolatile (worked)
     1 ( 0.2%) _compareAndSwapInt (worked)
   410 (100.0%) total (worked,failed,virtual,nonvirtual)
</statistics>
<statistics type='deoptimization'>
Deoptimization traps recorded:
    45 (100.0%) total
     null_check/make_not_entrant/checkcast: 6 (13.3%)
  class_check/maybe_recompile/invokevirtual: 27 (60.0%)
  class_check/maybe_recompile/invokeinterface: 4 (8.9%)
     class_check/maybe_recompile/checkcast: 1 (2.2%)
                  unloaded/reinterpret/new: 1 (2.2%)
           unreached/reinterpret/ifnonnull: 5 (11.1%)
              unreached/reinterpret/ifnull: 1 (2.2%)
</statistics>
<statistics type='nmethod'>
Statistics for 28 native nmethods:
 N. total size  = 30128
 N. relocation  = 3064
 N. main code   = 18896
Statistics for 497 bytecoded nmethods:
 total in heap  = 2075680
 relocation     = 62696
 main code      = 727776
 stub code      = 31405
 constants      = 2011
 scopes data    = 377032
 scopes pcs     = 617120
 dependencies   = 5880
 handler table  = 63184
 nul chk table  = 17144
 oops           = 30720
Debug Data Chunks: 114808, shared 10822+60770, non-SP&apos;s elided 213
PcDesc Statistics:  3298 queries, 15.06 comparisons per query
  caches=497 queries=3298/0, hits=0+539, tests=16421+33260, adds=2759
</statistics>
<statistics type='SharedRuntime'>
 2251 monitor enter slow
  336 new instance requires GC
  337 new array requires GC
   78 inline cache miss in compiled
    5 wrong method
   99 unresolved static call site
  157 unresolved virtual call site
  372 unresolved opt virtual call site
57585 slow partial subtype
 1594 byte array copies
931360 short array copies
16310 int array copies
130089 long array copies
    9 checkcast array copies
</statistics>
<tty_done stamp='11.854'/>
</tty>
<hotspot_log_done stamp='11.854'/>
</hotspot_log>
